[-1024157ms] [WARNING] The resource https://rr5---sn-bg0e6nes.c.youtube.com/generate_204 was preloaded using link preload but not used within a few seconds from the window's load event. Please make sure it has an appropriate `as` value and it is preloaded intentionally. @ https://www.youtube.com/shorts/Z3OfjdogF_U:0
[-44402863ms] [WARNING] MaxListenersExceededWarning: Possible EventEmitter memory leak detected. 11 close listeners added. Use emitter.setMaxListeners() to increase limit @ chrome-extension://nkbihfbeogaeaoehlefnkodbefgpgknn/scripts/contentscript.js:14082
[-1017332ms] [WARNING] The resource https://rr1---sn-qvnn5ouvncg-2v5e.googlevideo.com/generate_204 was preloaded using link preload but not used within a few seconds from the window's load event. Please make sure it has an appropriate `as` value and it is preloaded intentionally. @ https://www.youtube.com/shorts/Z3OfjdogF_U:0
[-44402861ms] [WARNING] MaxListenersExceededWarning: Possible EventEmitter memory leak detected. 11 end listeners added. Use emitter.setMaxListeners() to increase limit @ chrome-extension://nkbihfbeogaeaoehlefnkodbefgpgknn/scripts/contentscript.js:14082
[-1017331ms] [WARNING] The resource https://i.ytimg.com/generate_204 was preloaded using link preload but not used within a few seconds from the window's load event. Please make sure it has an appropriate `as` value and it is preloaded intentionally. @ https://www.youtube.com/shorts/Z3OfjdogF_U:0
[-44402589ms] [WARNING] ObjectMultiplex - orphaned data for stream "app-init-liveness" @ chrome-extension://nkbihfbeogaeaoehlefnkodbefgpgknn/scripts/contentscript.js:14082
[-1017331ms] [WARNING] The resource https://rr5---sn-bg0e6nes.c.youtube.com/generate_204 was preloaded using link preload but not used within a few seconds from the window's load event. Please make sure it has an appropriate `as` value and it is preloaded intentionally. @ https://www.youtube.com/shorts/Z3OfjdogF_U:0
[-44402587ms] [WARNING] ObjectMultiplex - orphaned data for stream "app-init-liveness" @ chrome-extension://nkbihfbeogaeaoehlefnkodbefgpgknn/scripts/contentscript.js:14082
[-1014157ms] [WARNING] The resource https://rr1---sn-qvnn5ouvncg-2v5e.googlevideo.com/generate_204 was preloaded using link preload but not used within a few seconds from the window's load event. Please make sure it has an appropriate `as` value and it is preloaded intentionally. @ https://www.youtube.com/shorts/Z3OfjdogF_U:0
[-44402584ms] [WARNING] ObjectMultiplex - orphaned data for stream "background-liveness" @ chrome-extension://nkbihfbeogaeaoehlefnkodbefgpgknn/scripts/contentscript.js:14082
[-1014157ms] [WARNING] The resource https://i.ytimg.com/generate_204 was preloaded using link preload but not used within a few seconds from the window's load event. Please make sure it has an appropriate `as` value and it is preloaded intentionally. @ https://www.youtube.com/shorts/Z3OfjdogF_U:0
[-44402582ms] [WARNING] ObjectMultiplex - orphaned data for stream "background-liveness" @ chrome-extension://nkbihfbeogaeaoehlefnkodbefgpgknn/scripts/contentscript.js:14082
[-1014157ms] [WARNING] The resource https://rr5---sn-bg0e6nes.c.youtube.com/generate_204 was preloaded using link preload but not used within a few seconds from the window's load event. Please make sure it has an appropriate `as` value and it is preloaded intentionally. @ https://www.youtube.com/shorts/Z3OfjdogF_U:0
[-44402581ms] [WARNING] ObjectMultiplex - malformed chunk without name "[object Object]" @ chrome-extension://nkbihfbeogaeaoehlefnkodbefgpgknn/scripts/contentscript.js:14082
[ -984157ms] [WARNING] The resource https://rr1---sn-qvnn5ouvncg-2v5e.googlevideo.com/generate_204 was preloaded using link preload but not used within a few seconds from the window's load event. Please make sure it has an appropriate `as` value and it is preloaded intentionally. @ https://www.youtube.com/shorts/Z3OfjdogF_U:0
[-44402580ms] [WARNING] ObjectMultiplex - malformed chunk without name "[object Object]" @ chrome-extension://nkbihfbeogaeaoehlefnkodbefgpgknn/scripts/contentscript.js:14082
[ -984157ms] [WARNING] The resource https://i.ytimg.com/generate_204 was preloaded using link preload but not used within a few seconds from the window's load event. Please make sure it has an appropriate `as` value and it is preloaded intentionally. @ https://www.youtube.com/shorts/Z3OfjdogF_U:0
[-44398254ms] [LOG] 
%cEspere! font-family:helvetica; font-size:20px; font-size:50px; font-weight:bold; color:red; -webkit-text-stroke:1px black; @ https://static.xx.fbcdn.net/rsrc.php/v4/yX/r/4wLeY5_5Fx0.js?_nc_eui2=AeHjTBJvd2xgTigXsL-RQPZnfP-tn4rgX8J8_62fiuBfwiPc5hb9Ih2Av2VFBX1-h4rwi-FUesy6MqFn3VY5ZeDy:246
[ -984157ms] [WARNING] The resource https://rr5---sn-bg0e6nes.c.youtube.com/generate_204 was preloaded using link preload but not used within a few seconds from the window's load event. Please make sure it has an appropriate `as` value and it is preloaded intentionally. @ https://www.youtube.com/shorts/Z3OfjdogF_U:0
[-44398253ms] [LOG] 
%cEste é um recurso de navegador voltado para desenvolvedores. Se alguém disse para você copiar e colar algo aqui para ativar um recurso do Facebook ou "invadir" a conta de outra pessoa, isso é uma fraude e você dará a ele acesso à sua conta. font-family:helvetica; font-size:20px;  @ https://static.xx.fbcdn.net/rsrc.php/v4/yX/r/4wLeY5_5Fx0.js?_nc_eui2=AeHjTBJvd2xgTigXsL-RQPZnfP-tn4rgX8J8_62fiuBfwiPc5hb9Ih2Av2VFBX1-h4rwi-FUesy6MqFn3VY5ZeDy:246
[ -974155ms] [WARNING] The resource https://rr1---sn-qvnn5ouvncg-2v5e.googlevideo.com/generate_204 was preloaded using link preload but not used within a few seconds from the window's load event. Please make sure it has an appropriate `as` value and it is preloaded intentionally. @ https://www.youtube.com/shorts/Z3OfjdogF_U:0
[-44398253ms] [LOG] 
%cConsulte https://www.facebook.com/selfxss para mais informações. font-family:helvetica; font-size:20px;  @ https://static.xx.fbcdn.net/rsrc.php/v4/yX/r/4wLeY5_5Fx0.js?_nc_eui2=AeHjTBJvd2xgTigXsL-RQPZnfP-tn4rgX8J8_62fiuBfwiPc5hb9Ih2Av2VFBX1-h4rwi-FUesy6MqFn3VY5ZeDy:246
[ -974155ms] [WARNING] The resource https://i.ytimg.com/generate_204 was preloaded using link preload but not used within a few seconds from the window's load event. Please make sure it has an appropriate `as` value and it is preloaded intentionally. @ https://www.youtube.com/shorts/Z3OfjdogF_U:0
[-44398253ms] [LOG] 
%c  @ https://static.xx.fbcdn.net/rsrc.php/v4/yX/r/4wLeY5_5Fx0.js?_nc_eui2=AeHjTBJvd2xgTigXsL-RQPZnfP-tn4rgX8J8_62fiuBfwiPc5hb9Ih2Av2VFBX1-h4rwi-FUesy6MqFn3VY5ZeDy:246
[ -974155ms] [WARNING] The resource https://rr5---sn-bg0e6nes.c.youtube.com/generate_204 was preloaded using link preload but not used within a few seconds from the window's load event. Please make sure it has an appropriate `as` value and it is preloaded intentionally. @ https://www.youtube.com/shorts/Z3OfjdogF_U:0
[ -964157ms] [WARNING] The resource https://rr1---sn-qvnn5ouvncg-2v5e.googlevideo.com/generate_204 was preloaded using link preload but not used within a few seconds from the window's load event. Please make sure it has an appropriate `as` value and it is preloaded intentionally. @ https://www.youtube.com/shorts/Z3OfjdogF_U:0
[ -964157ms] [WARNING] The resource https://i.ytimg.com/generate_204 was preloaded using link preload but not used within a few seconds from the window's load event. Please make sure it has an appropriate `as` value and it is preloaded intentionally. @ https://www.youtube.com/shorts/Z3OfjdogF_U:0
[ -964157ms] [WARNING] The resource https://rr5---sn-bg0e6nes.c.youtube.com/generate_204 was preloaded using link preload but not used within a few seconds from the window's load event. Please make sure it has an appropriate `as` value and it is preloaded intentionally. @ https://www.youtube.com/shorts/Z3OfjdogF_U:0
[ -934155ms] [WARNING] The resource https://rr1---sn-qvnn5ouvncg-2v5e.googlevideo.com/generate_204 was preloaded using link preload but not used within a few seconds from the window's load event. Please make sure it has an appropriate `as` value and it is preloaded intentionally. @ https://www.youtube.com/shorts/Z3OfjdogF_U:0
[ -934155ms] [WARNING] The resource https://i.ytimg.com/generate_204 was preloaded using link preload but not used within a few seconds from the window's load event. Please make sure it has an appropriate `as` value and it is preloaded intentionally. @ https://www.youtube.com/shorts/Z3OfjdogF_U:0
[ -934155ms] [WARNING] The resource https://rr5---sn-bg0e6nes.c.youtube.com/generate_204 was preloaded using link preload but not used within a few seconds from the window's load event. Please make sure it has an appropriate `as` value and it is preloaded intentionally. @ https://www.youtube.com/shorts/Z3OfjdogF_U:0
[ -924156ms] [WARNING] The resource https://rr1---sn-qvnn5ouvncg-2v5e.googlevideo.com/generate_204 was preloaded using link preload but not used within a few seconds from the window's load event. Please make sure it has an appropriate `as` value and it is preloaded intentionally. @ https://www.youtube.com/shorts/Z3OfjdogF_U:0
[ -924156ms] [WARNING] The resource https://i.ytimg.com/generate_204 was preloaded using link preload but not used within a few seconds from the window's load event. Please make sure it has an appropriate `as` value and it is preloaded intentionally. @ https://www.youtube.com/shorts/Z3OfjdogF_U:0
[ -924156ms] [WARNING] The resource https://rr5---sn-bg0e6nes.c.youtube.com/generate_204 was preloaded using link preload but not used within a few seconds from the window's load event. Please make sure it has an appropriate `as` value and it is preloaded intentionally. @ https://www.youtube.com/shorts/Z3OfjdogF_U:0
[ -893330ms] [WARNING] The resource https://rr1---sn-qvnn5ouvncg-2v5e.googlevideo.com/generate_204 was preloaded using link preload but not used within a few seconds from the window's load event. Please make sure it has an appropriate `as` value and it is preloaded intentionally. @ https://www.youtube.com/shorts/Z3OfjdogF_U:0
[ -893330ms] [WARNING] The resource https://i.ytimg.com/generate_204 was preloaded using link preload but not used within a few seconds from the window's load event. Please make sure it has an appropriate `as` value and it is preloaded intentionally. @ https://www.youtube.com/shorts/Z3OfjdogF_U:0
[ -893330ms] [WARNING] The resource https://rr5---sn-bg0e6nes.c.youtube.com/generate_204 was preloaded using link preload but not used within a few seconds from the window's load event. Please make sure it has an appropriate `as` value and it is preloaded intentionally. @ https://www.youtube.com/shorts/Z3OfjdogF_U:0
[ -884155ms] [WARNING] The resource https://rr1---sn-qvnn5ouvncg-2v5e.googlevideo.com/generate_204 was preloaded using link preload but not used within a few seconds from the window's load event. Please make sure it has an appropriate `as` value and it is preloaded intentionally. @ https://www.youtube.com/shorts/Z3OfjdogF_U:0
[ -884155ms] [WARNING] The resource https://i.ytimg.com/generate_204 was preloaded using link preload but not used within a few seconds from the window's load event. Please make sure it has an appropriate `as` value and it is preloaded intentionally. @ https://www.youtube.com/shorts/Z3OfjdogF_U:0
[ -884155ms] [WARNING] The resource https://rr5---sn-bg0e6nes.c.youtube.com/generate_204 was preloaded using link preload but not used within a few seconds from the window's load event. Please make sure it has an appropriate `as` value and it is preloaded intentionally. @ https://www.youtube.com/shorts/Z3OfjdogF_U:0
[ -851330ms] [WARNING] The resource https://rr1---sn-qvnn5ouvncg-2v5e.googlevideo.com/generate_204 was preloaded using link preload but not used within a few seconds from the window's load event. Please make sure it has an appropriate `as` value and it is preloaded intentionally. @ https://www.youtube.com/shorts/Z3OfjdogF_U:0
[ -851330ms] [WARNING] The resource https://i.ytimg.com/generate_204 was preloaded using link preload but not used within a few seconds from the window's load event. Please make sure it has an appropriate `as` value and it is preloaded intentionally. @ https://www.youtube.com/shorts/Z3OfjdogF_U:0
[ -851330ms] [WARNING] The resource https://rr5---sn-bg0e6nes.c.youtube.com/generate_204 was preloaded using link preload but not used within a few seconds from the window's load event. Please make sure it has an appropriate `as` value and it is preloaded intentionally. @ https://www.youtube.com/shorts/Z3OfjdogF_U:0
[ -844155ms] [WARNING] The resource https://rr1---sn-qvnn5ouvncg-2v5e.googlevideo.com/generate_204 was preloaded using link preload but not used within a few seconds from the window's load event. Please make sure it has an appropriate `as` value and it is preloaded intentionally. @ https://www.youtube.com/shorts/Z3OfjdogF_U:0
[ -844155ms] [WARNING] The resource https://i.ytimg.com/generate_204 was preloaded using link preload but not used within a few seconds from the window's load event. Please make sure it has an appropriate `as` value and it is preloaded intentionally. @ https://www.youtube.com/shorts/Z3OfjdogF_U:0
[ -844155ms] [WARNING] The resource https://rr5---sn-bg0e6nes.c.youtube.com/generate_204 was preloaded using link preload but not used within a few seconds from the window's load event. Please make sure it has an appropriate `as` value and it is preloaded intentionally. @ https://www.youtube.com/shorts/Z3OfjdogF_U:0
[ -814154ms] [WARNING] The resource https://rr1---sn-qvnn5ouvncg-2v5e.googlevideo.com/generate_204 was preloaded using link preload but not used within a few seconds from the window's load event. Please make sure it has an appropriate `as` value and it is preloaded intentionally. @ https://www.youtube.com/shorts/Z3OfjdogF_U:0
[ -814154ms] [WARNING] The resource https://i.ytimg.com/generate_204 was preloaded using link preload but not used within a few seconds from the window's load event. Please make sure it has an appropriate `as` value and it is preloaded intentionally. @ https://www.youtube.com/shorts/Z3OfjdogF_U:0
[ -814154ms] [WARNING] The resource https://rr5---sn-bg0e6nes.c.youtube.com/generate_204 was preloaded using link preload but not used within a few seconds from the window's load event. Please make sure it has an appropriate `as` value and it is preloaded intentionally. @ https://www.youtube.com/shorts/Z3OfjdogF_U:0
[ -810330ms] [WARNING] The resource https://rr1---sn-qvnn5ouvncg-2v5e.googlevideo.com/generate_204 was preloaded using link preload but not used within a few seconds from the window's load event. Please make sure it has an appropriate `as` value and it is preloaded intentionally. @ https://www.youtube.com/shorts/Z3OfjdogF_U:0
[ -810330ms] [WARNING] The resource https://i.ytimg.com/generate_204 was preloaded using link preload but not used within a few seconds from the window's load event. Please make sure it has an appropriate `as` value and it is preloaded intentionally. @ https://www.youtube.com/shorts/Z3OfjdogF_U:0
[ -810329ms] [WARNING] The resource https://rr5---sn-bg0e6nes.c.youtube.com/generate_204 was preloaded using link preload but not used within a few seconds from the window's load event. Please make sure it has an appropriate `as` value and it is preloaded intentionally. @ https://www.youtube.com/shorts/Z3OfjdogF_U:0
[ -804155ms] [WARNING] The resource https://rr1---sn-qvnn5ouvncg-2v5e.googlevideo.com/generate_204 was preloaded using link preload but not used within a few seconds from the window's load event. Please make sure it has an appropriate `as` value and it is preloaded intentionally. @ https://www.youtube.com/shorts/Z3OfjdogF_U:0
[ -804154ms] [WARNING] The resource https://i.ytimg.com/generate_204 was preloaded using link preload but not used within a few seconds from the window's load event. Please make sure it has an appropriate `as` value and it is preloaded intentionally. @ https://www.youtube.com/shorts/Z3OfjdogF_U:0
[ -804154ms] [WARNING] The resource https://rr5---sn-bg0e6nes.c.youtube.com/generate_204 was preloaded using link preload but not used within a few seconds from the window's load event. Please make sure it has an appropriate `as` value and it is preloaded intentionally. @ https://www.youtube.com/shorts/Z3OfjdogF_U:0
[ -787604ms] [WARNING] The resource https://rr1---sn-qvnn5ouvncg-2v5e.googlevideo.com/generate_204 was preloaded using link preload but not used within a few seconds from the window's load event. Please make sure it has an appropriate `as` value and it is preloaded intentionally. @ https://www.youtube.com/shorts/Z3OfjdogF_U:0
[ -787604ms] [WARNING] The resource https://i.ytimg.com/generate_204 was preloaded using link preload but not used within a few seconds from the window's load event. Please make sure it has an appropriate `as` value and it is preloaded intentionally. @ https://www.youtube.com/shorts/Z3OfjdogF_U:0
[ -787604ms] [WARNING] The resource https://rr5---sn-bg0e6nes.c.youtube.com/generate_204 was preloaded using link preload but not used within a few seconds from the window's load event. Please make sure it has an appropriate `as` value and it is preloaded intentionally. @ https://www.youtube.com/shorts/Z3OfjdogF_U:0
[ -774154ms] [WARNING] The resource https://rr1---sn-qvnn5ouvncg-2v5e.googlevideo.com/generate_204 was preloaded using link preload but not used within a few seconds from the window's load event. Please make sure it has an appropriate `as` value and it is preloaded intentionally. @ https://www.youtube.com/shorts/Z3OfjdogF_U:0
[ -774154ms] [WARNING] The resource https://i.ytimg.com/generate_204 was preloaded using link preload but not used within a few seconds from the window's load event. Please make sure it has an appropriate `as` value and it is preloaded intentionally. @ https://www.youtube.com/shorts/Z3OfjdogF_U:0
[ -774154ms] [WARNING] The resource https://rr5---sn-bg0e6nes.c.youtube.com/generate_204 was preloaded using link preload but not used within a few seconds from the window's load event. Please make sure it has an appropriate `as` value and it is preloaded intentionally. @ https://www.youtube.com/shorts/Z3OfjdogF_U:0
[ -769329ms] [WARNING] The resource https://rr1---sn-qvnn5ouvncg-2v5e.googlevideo.com/generate_204 was preloaded using link preload but not used within a few seconds from the window's load event. Please make sure it has an appropriate `as` value and it is preloaded intentionally. @ https://www.youtube.com/shorts/Z3OfjdogF_U:0
[ -769329ms] [WARNING] The resource https://i.ytimg.com/generate_204 was preloaded using link preload but not used within a few seconds from the window's load event. Please make sure it has an appropriate `as` value and it is preloaded intentionally. @ https://www.youtube.com/shorts/Z3OfjdogF_U:0
[ -769329ms] [WARNING] The resource https://rr5---sn-bg0e6nes.c.youtube.com/generate_204 was preloaded using link preload but not used within a few seconds from the window's load event. Please make sure it has an appropriate `as` value and it is preloaded intentionally. @ https://www.youtube.com/shorts/Z3OfjdogF_U:0
[ -764154ms] [WARNING] The resource https://rr1---sn-qvnn5ouvncg-2v5e.googlevideo.com/generate_204 was preloaded using link preload but not used within a few seconds from the window's load event. Please make sure it has an appropriate `as` value and it is preloaded intentionally. @ https://www.youtube.com/shorts/Z3OfjdogF_U:0
[ -764154ms] [WARNING] The resource https://i.ytimg.com/generate_204 was preloaded using link preload but not used within a few seconds from the window's load event. Please make sure it has an appropriate `as` value and it is preloaded intentionally. @ https://www.youtube.com/shorts/Z3OfjdogF_U:0
[ -764154ms] [WARNING] The resource https://rr5---sn-bg0e6nes.c.youtube.com/generate_204 was preloaded using link preload but not used within a few seconds from the window's load event. Please make sure it has an appropriate `as` value and it is preloaded intentionally. @ https://www.youtube.com/shorts/Z3OfjdogF_U:0
[ -727313ms] [WARNING] The resource https://rr1---sn-qvnn5ouvncg-2v5e.googlevideo.com/generate_204 was preloaded using link preload but not used within a few seconds from the window's load event. Please make sure it has an appropriate `as` value and it is preloaded intentionally. @ https://www.youtube.com/shorts/Z3OfjdogF_U:0
[ -727313ms] [WARNING] The resource https://i.ytimg.com/generate_204 was preloaded using link preload but not used within a few seconds from the window's load event. Please make sure it has an appropriate `as` value and it is preloaded intentionally. @ https://www.youtube.com/shorts/Z3OfjdogF_U:0
[ -727313ms] [WARNING] The resource https://rr5---sn-bg0e6nes.c.youtube.com/generate_204 was preloaded using link preload but not used within a few seconds from the window's load event. Please make sure it has an appropriate `as` value and it is preloaded intentionally. @ https://www.youtube.com/shorts/Z3OfjdogF_U:0
[ -724153ms] [WARNING] The resource https://rr1---sn-qvnn5ouvncg-2v5e.googlevideo.com/generate_204 was preloaded using link preload but not used within a few seconds from the window's load event. Please make sure it has an appropriate `as` value and it is preloaded intentionally. @ https://www.youtube.com/shorts/Z3OfjdogF_U:0
[ -724153ms] [WARNING] The resource https://i.ytimg.com/generate_204 was preloaded using link preload but not used within a few seconds from the window's load event. Please make sure it has an appropriate `as` value and it is preloaded intentionally. @ https://www.youtube.com/shorts/Z3OfjdogF_U:0
[ -724153ms] [WARNING] The resource https://rr5---sn-bg0e6nes.c.youtube.com/generate_204 was preloaded using link preload but not used within a few seconds from the window's load event. Please make sure it has an appropriate `as` value and it is preloaded intentionally. @ https://www.youtube.com/shorts/Z3OfjdogF_U:0
[ -694154ms] [WARNING] The resource https://rr1---sn-qvnn5ouvncg-2v5e.googlevideo.com/generate_204 was preloaded using link preload but not used within a few seconds from the window's load event. Please make sure it has an appropriate `as` value and it is preloaded intentionally. @ https://www.youtube.com/shorts/Z3OfjdogF_U:0
[ -694154ms] [WARNING] The resource https://i.ytimg.com/generate_204 was preloaded using link preload but not used within a few seconds from the window's load event. Please make sure it has an appropriate `as` value and it is preloaded intentionally. @ https://www.youtube.com/shorts/Z3OfjdogF_U:0
[ -694154ms] [WARNING] The resource https://rr5---sn-bg0e6nes.c.youtube.com/generate_204 was preloaded using link preload but not used within a few seconds from the window's load event. Please make sure it has an appropriate `as` value and it is preloaded intentionally. @ https://www.youtube.com/shorts/Z3OfjdogF_U:0
[ -684154ms] [WARNING] The resource https://rr1---sn-qvnn5ouvncg-2v5e.googlevideo.com/generate_204 was preloaded using link preload but not used within a few seconds from the window's load event. Please make sure it has an appropriate `as` value and it is preloaded intentionally. @ https://www.youtube.com/shorts/Z3OfjdogF_U:0
[ -684154ms] [WARNING] The resource https://i.ytimg.com/generate_204 was preloaded using link preload but not used within a few seconds from the window's load event. Please make sure it has an appropriate `as` value and it is preloaded intentionally. @ https://www.youtube.com/shorts/Z3OfjdogF_U:0
[ -684154ms] [WARNING] The resource https://rr5---sn-bg0e6nes.c.youtube.com/generate_204 was preloaded using link preload but not used within a few seconds from the window's load event. Please make sure it has an appropriate `as` value and it is preloaded intentionally. @ https://www.youtube.com/shorts/Z3OfjdogF_U:0
[ -644152ms] [WARNING] The resource https://rr1---sn-qvnn5ouvncg-2v5e.googlevideo.com/generate_204 was preloaded using link preload but not used within a few seconds from the window's load event. Please make sure it has an appropriate `as` value and it is preloaded intentionally. @ https://www.youtube.com/shorts/Z3OfjdogF_U:0
[ -644152ms] [WARNING] The resource https://i.ytimg.com/generate_204 was preloaded using link preload but not used within a few seconds from the window's load event. Please make sure it has an appropriate `as` value and it is preloaded intentionally. @ https://www.youtube.com/shorts/Z3OfjdogF_U:0
[ -644152ms] [WARNING] The resource https://rr5---sn-bg0e6nes.c.youtube.com/generate_204 was preloaded using link preload but not used within a few seconds from the window's load event. Please make sure it has an appropriate `as` value and it is preloaded intentionally. @ https://www.youtube.com/shorts/Z3OfjdogF_U:0
[ -634143ms] [WARNING] The resource https://rr1---sn-qvnn5ouvncg-2v5e.googlevideo.com/generate_204 was preloaded using link preload but not used within a few seconds from the window's load event. Please make sure it has an appropriate `as` value and it is preloaded intentionally. @ https://www.youtube.com/shorts/Z3OfjdogF_U:0
[ -634142ms] [WARNING] The resource https://i.ytimg.com/generate_204 was preloaded using link preload but not used within a few seconds from the window's load event. Please make sure it has an appropriate `as` value and it is preloaded intentionally. @ https://www.youtube.com/shorts/Z3OfjdogF_U:0
[ -634142ms] [WARNING] The resource https://rr5---sn-bg0e6nes.c.youtube.com/generate_204 was preloaded using link preload but not used within a few seconds from the window's load event. Please make sure it has an appropriate `as` value and it is preloaded intentionally. @ https://www.youtube.com/shorts/Z3OfjdogF_U:0
[ -603327ms] [WARNING] The resource https://rr1---sn-qvnn5ouvncg-2v5e.googlevideo.com/generate_204 was preloaded using link preload but not used within a few seconds from the window's load event. Please make sure it has an appropriate `as` value and it is preloaded intentionally. @ https://www.youtube.com/shorts/Z3OfjdogF_U:0
[ -603327ms] [WARNING] The resource https://i.ytimg.com/generate_204 was preloaded using link preload but not used within a few seconds from the window's load event. Please make sure it has an appropriate `as` value and it is preloaded intentionally. @ https://www.youtube.com/shorts/Z3OfjdogF_U:0
[ -603327ms] [WARNING] The resource https://rr5---sn-bg0e6nes.c.youtube.com/generate_204 was preloaded using link preload but not used within a few seconds from the window's load event. Please make sure it has an appropriate `as` value and it is preloaded intentionally. @ https://www.youtube.com/shorts/Z3OfjdogF_U:0
[ -594153ms] [WARNING] The resource https://rr1---sn-qvnn5ouvncg-2v5e.googlevideo.com/generate_204 was preloaded using link preload but not used within a few seconds from the window's load event. Please make sure it has an appropriate `as` value and it is preloaded intentionally. @ https://www.youtube.com/shorts/Z3OfjdogF_U:0
[ -594152ms] [WARNING] The resource https://i.ytimg.com/generate_204 was preloaded using link preload but not used within a few seconds from the window's load event. Please make sure it has an appropriate `as` value and it is preloaded intentionally. @ https://www.youtube.com/shorts/Z3OfjdogF_U:0
[ -594152ms] [WARNING] The resource https://rr5---sn-bg0e6nes.c.youtube.com/generate_204 was preloaded using link preload but not used within a few seconds from the window's load event. Please make sure it has an appropriate `as` value and it is preloaded intentionally. @ https://www.youtube.com/shorts/Z3OfjdogF_U:0
[ -562327ms] [WARNING] The resource https://rr1---sn-qvnn5ouvncg-2v5e.googlevideo.com/generate_204 was preloaded using link preload but not used within a few seconds from the window's load event. Please make sure it has an appropriate `as` value and it is preloaded intentionally. @ https://www.youtube.com/shorts/Z3OfjdogF_U:0
[ -562327ms] [WARNING] The resource https://i.ytimg.com/generate_204 was preloaded using link preload but not used within a few seconds from the window's load event. Please make sure it has an appropriate `as` value and it is preloaded intentionally. @ https://www.youtube.com/shorts/Z3OfjdogF_U:0
[ -562327ms] [WARNING] The resource https://rr5---sn-bg0e6nes.c.youtube.com/generate_204 was preloaded using link preload but not used within a few seconds from the window's load event. Please make sure it has an appropriate `as` value and it is preloaded intentionally. @ https://www.youtube.com/shorts/Z3OfjdogF_U:0
[ -554151ms] [WARNING] The resource https://rr1---sn-qvnn5ouvncg-2v5e.googlevideo.com/generate_204 was preloaded using link preload but not used within a few seconds from the window's load event. Please make sure it has an appropriate `as` value and it is preloaded intentionally. @ https://www.youtube.com/shorts/Z3OfjdogF_U:0
[ -554151ms] [WARNING] The resource https://i.ytimg.com/generate_204 was preloaded using link preload but not used within a few seconds from the window's load event. Please make sure it has an appropriate `as` value and it is preloaded intentionally. @ https://www.youtube.com/shorts/Z3OfjdogF_U:0
[ -554151ms] [WARNING] The resource https://rr5---sn-bg0e6nes.c.youtube.com/generate_204 was preloaded using link preload but not used within a few seconds from the window's load event. Please make sure it has an appropriate `as` value and it is preloaded intentionally. @ https://www.youtube.com/shorts/Z3OfjdogF_U:0
[ -524151ms] [WARNING] The resource https://rr1---sn-qvnn5ouvncg-2v5e.googlevideo.com/generate_204 was preloaded using link preload but not used within a few seconds from the window's load event. Please make sure it has an appropriate `as` value and it is preloaded intentionally. @ https://www.youtube.com/shorts/Z3OfjdogF_U:0
[ -524151ms] [WARNING] The resource https://i.ytimg.com/generate_204 was preloaded using link preload but not used within a few seconds from the window's load event. Please make sure it has an appropriate `as` value and it is preloaded intentionally. @ https://www.youtube.com/shorts/Z3OfjdogF_U:0
[ -524151ms] [WARNING] The resource https://rr5---sn-bg0e6nes.c.youtube.com/generate_204 was preloaded using link preload but not used within a few seconds from the window's load event. Please make sure it has an appropriate `as` value and it is preloaded intentionally. @ https://www.youtube.com/shorts/Z3OfjdogF_U:0
[ -520318ms] [WARNING] The resource https://rr1---sn-qvnn5ouvncg-2v5e.googlevideo.com/generate_204 was preloaded using link preload but not used within a few seconds from the window's load event. Please make sure it has an appropriate `as` value and it is preloaded intentionally. @ https://www.youtube.com/shorts/Z3OfjdogF_U:0
[ -520317ms] [WARNING] The resource https://i.ytimg.com/generate_204 was preloaded using link preload but not used within a few seconds from the window's load event. Please make sure it has an appropriate `as` value and it is preloaded intentionally. @ https://www.youtube.com/shorts/Z3OfjdogF_U:0
[ -520317ms] [WARNING] The resource https://rr5---sn-bg0e6nes.c.youtube.com/generate_204 was preloaded using link preload but not used within a few seconds from the window's load event. Please make sure it has an appropriate `as` value and it is preloaded intentionally. @ https://www.youtube.com/shorts/Z3OfjdogF_U:0
[ -514151ms] [WARNING] The resource https://rr1---sn-qvnn5ouvncg-2v5e.googlevideo.com/generate_204 was preloaded using link preload but not used within a few seconds from the window's load event. Please make sure it has an appropriate `as` value and it is preloaded intentionally. @ https://www.youtube.com/shorts/Z3OfjdogF_U:0
[ -514151ms] [WARNING] The resource https://i.ytimg.com/generate_204 was preloaded using link preload but not used within a few seconds from the window's load event. Please make sure it has an appropriate `as` value and it is preloaded intentionally. @ https://www.youtube.com/shorts/Z3OfjdogF_U:0
[ -514151ms] [WARNING] The resource https://rr5---sn-bg0e6nes.c.youtube.com/generate_204 was preloaded using link preload but not used within a few seconds from the window's load event. Please make sure it has an appropriate `as` value and it is preloaded intentionally. @ https://www.youtube.com/shorts/Z3OfjdogF_U:0
[ -482576ms] [WARNING] The resource https://rr1---sn-qvnn5ouvncg-2v5e.googlevideo.com/generate_204 was preloaded using link preload but not used within a few seconds from the window's load event. Please make sure it has an appropriate `as` value and it is preloaded intentionally. @ https://www.youtube.com/shorts/Z3OfjdogF_U:0
[ -482576ms] [WARNING] The resource https://i.ytimg.com/generate_204 was preloaded using link preload but not used within a few seconds from the window's load event. Please make sure it has an appropriate `as` value and it is preloaded intentionally. @ https://www.youtube.com/shorts/Z3OfjdogF_U:0
[ -482576ms] [WARNING] The resource https://rr5---sn-bg0e6nes.c.youtube.com/generate_204 was preloaded using link preload but not used within a few seconds from the window's load event. Please make sure it has an appropriate `as` value and it is preloaded intentionally. @ https://www.youtube.com/shorts/Z3OfjdogF_U:0
[ -479326ms] [WARNING] The resource https://rr1---sn-qvnn5ouvncg-2v5e.googlevideo.com/generate_204 was preloaded using link preload but not used within a few seconds from the window's load event. Please make sure it has an appropriate `as` value and it is preloaded intentionally. @ https://www.youtube.com/shorts/Z3OfjdogF_U:0
[ -479326ms] [WARNING] The resource https://i.ytimg.com/generate_204 was preloaded using link preload but not used within a few seconds from the window's load event. Please make sure it has an appropriate `as` value and it is preloaded intentionally. @ https://www.youtube.com/shorts/Z3OfjdogF_U:0
[ -479326ms] [WARNING] The resource https://rr5---sn-bg0e6nes.c.youtube.com/generate_204 was preloaded using link preload but not used within a few seconds from the window's load event. Please make sure it has an appropriate `as` value and it is preloaded intentionally. @ https://www.youtube.com/shorts/Z3OfjdogF_U:0
[ -474150ms] [WARNING] The resource https://rr1---sn-qvnn5ouvncg-2v5e.googlevideo.com/generate_204 was preloaded using link preload but not used within a few seconds from the window's load event. Please make sure it has an appropriate `as` value and it is preloaded intentionally. @ https://www.youtube.com/shorts/Z3OfjdogF_U:0
[ -474150ms] [WARNING] The resource https://i.ytimg.com/generate_204 was preloaded using link preload but not used within a few seconds from the window's load event. Please make sure it has an appropriate `as` value and it is preloaded intentionally. @ https://www.youtube.com/shorts/Z3OfjdogF_U:0
[ -474150ms] [WARNING] The resource https://rr5---sn-bg0e6nes.c.youtube.com/generate_204 was preloaded using link preload but not used within a few seconds from the window's load event. Please make sure it has an appropriate `as` value and it is preloaded intentionally. @ https://www.youtube.com/shorts/Z3OfjdogF_U:0
[ -444151ms] [WARNING] The resource https://rr1---sn-qvnn5ouvncg-2v5e.googlevideo.com/generate_204 was preloaded using link preload but not used within a few seconds from the window's load event. Please make sure it has an appropriate `as` value and it is preloaded intentionally. @ https://www.youtube.com/shorts/Z3OfjdogF_U:0
[ -444151ms] [WARNING] The resource https://i.ytimg.com/generate_204 was preloaded using link preload but not used within a few seconds from the window's load event. Please make sure it has an appropriate `as` value and it is preloaded intentionally. @ https://www.youtube.com/shorts/Z3OfjdogF_U:0
[ -444151ms] [WARNING] The resource https://rr5---sn-bg0e6nes.c.youtube.com/generate_204 was preloaded using link preload but not used within a few seconds from the window's load event. Please make sure it has an appropriate `as` value and it is preloaded intentionally. @ https://www.youtube.com/shorts/Z3OfjdogF_U:0
[ -437325ms] [WARNING] The resource https://rr1---sn-qvnn5ouvncg-2v5e.googlevideo.com/generate_204 was preloaded using link preload but not used within a few seconds from the window's load event. Please make sure it has an appropriate `as` value and it is preloaded intentionally. @ https://www.youtube.com/shorts/Z3OfjdogF_U:0
[ -437325ms] [WARNING] The resource https://i.ytimg.com/generate_204 was preloaded using link preload but not used within a few seconds from the window's load event. Please make sure it has an appropriate `as` value and it is preloaded intentionally. @ https://www.youtube.com/shorts/Z3OfjdogF_U:0
[ -437325ms] [WARNING] The resource https://rr5---sn-bg0e6nes.c.youtube.com/generate_204 was preloaded using link preload but not used within a few seconds from the window's load event. Please make sure it has an appropriate `as` value and it is preloaded intentionally. @ https://www.youtube.com/shorts/Z3OfjdogF_U:0
[ -434150ms] [WARNING] The resource https://rr1---sn-qvnn5ouvncg-2v5e.googlevideo.com/generate_204 was preloaded using link preload but not used within a few seconds from the window's load event. Please make sure it has an appropriate `as` value and it is preloaded intentionally. @ https://www.youtube.com/shorts/Z3OfjdogF_U:0
[ -434150ms] [WARNING] The resource https://i.ytimg.com/generate_204 was preloaded using link preload but not used within a few seconds from the window's load event. Please make sure it has an appropriate `as` value and it is preloaded intentionally. @ https://www.youtube.com/shorts/Z3OfjdogF_U:0
[ -434150ms] [WARNING] The resource https://rr5---sn-bg0e6nes.c.youtube.com/generate_204 was preloaded using link preload but not used within a few seconds from the window's load event. Please make sure it has an appropriate `as` value and it is preloaded intentionally. @ https://www.youtube.com/shorts/Z3OfjdogF_U:0
[ -394150ms] [WARNING] The resource https://rr1---sn-qvnn5ouvncg-2v5e.googlevideo.com/generate_204 was preloaded using link preload but not used within a few seconds from the window's load event. Please make sure it has an appropriate `as` value and it is preloaded intentionally. @ https://www.youtube.com/shorts/Z3OfjdogF_U:0
[ -394149ms] [WARNING] The resource https://i.ytimg.com/generate_204 was preloaded using link preload but not used within a few seconds from the window's load event. Please make sure it has an appropriate `as` value and it is preloaded intentionally. @ https://www.youtube.com/shorts/Z3OfjdogF_U:0
[ -394149ms] [WARNING] The resource https://rr5---sn-bg0e6nes.c.youtube.com/generate_204 was preloaded using link preload but not used within a few seconds from the window's load event. Please make sure it has an appropriate `as` value and it is preloaded intentionally. @ https://www.youtube.com/shorts/Z3OfjdogF_U:0
[ -354150ms] [WARNING] The resource https://rr1---sn-qvnn5ouvncg-2v5e.googlevideo.com/generate_204 was preloaded using link preload but not used within a few seconds from the window's load event. Please make sure it has an appropriate `as` value and it is preloaded intentionally. @ https://www.youtube.com/shorts/Z3OfjdogF_U:0
[ -354150ms] [WARNING] The resource https://i.ytimg.com/generate_204 was preloaded using link preload but not used within a few seconds from the window's load event. Please make sure it has an appropriate `as` value and it is preloaded intentionally. @ https://www.youtube.com/shorts/Z3OfjdogF_U:0
[ -354150ms] [WARNING] The resource https://rr5---sn-bg0e6nes.c.youtube.com/generate_204 was preloaded using link preload but not used within a few seconds from the window's load event. Please make sure it has an appropriate `as` value and it is preloaded intentionally. @ https://www.youtube.com/shorts/Z3OfjdogF_U:0
[ -344150ms] [WARNING] The resource https://rr1---sn-qvnn5ouvncg-2v5e.googlevideo.com/generate_204 was preloaded using link preload but not used within a few seconds from the window's load event. Please make sure it has an appropriate `as` value and it is preloaded intentionally. @ https://www.youtube.com/shorts/Z3OfjdogF_U:0
[ -344150ms] [WARNING] The resource https://i.ytimg.com/generate_204 was preloaded using link preload but not used within a few seconds from the window's load event. Please make sure it has an appropriate `as` value and it is preloaded intentionally. @ https://www.youtube.com/shorts/Z3OfjdogF_U:0
[ -344150ms] [WARNING] The resource https://rr5---sn-bg0e6nes.c.youtube.com/generate_204 was preloaded using link preload but not used within a few seconds from the window's load event. Please make sure it has an appropriate `as` value and it is preloaded intentionally. @ https://www.youtube.com/shorts/Z3OfjdogF_U:0
[ -313323ms] [WARNING] The resource https://rr1---sn-qvnn5ouvncg-2v5e.googlevideo.com/generate_204 was preloaded using link preload but not used within a few seconds from the window's load event. Please make sure it has an appropriate `as` value and it is preloaded intentionally. @ https://www.youtube.com/shorts/Z3OfjdogF_U:0
[ -313323ms] [WARNING] The resource https://i.ytimg.com/generate_204 was preloaded using link preload but not used within a few seconds from the window's load event. Please make sure it has an appropriate `as` value and it is preloaded intentionally. @ https://www.youtube.com/shorts/Z3OfjdogF_U:0
[ -313323ms] [WARNING] The resource https://rr5---sn-bg0e6nes.c.youtube.com/generate_204 was preloaded using link preload but not used within a few seconds from the window's load event. Please make sure it has an appropriate `as` value and it is preloaded intentionally. @ https://www.youtube.com/shorts/Z3OfjdogF_U:0
[ -304148ms] [WARNING] The resource https://rr1---sn-qvnn5ouvncg-2v5e.googlevideo.com/generate_204 was preloaded using link preload but not used within a few seconds from the window's load event. Please make sure it has an appropriate `as` value and it is preloaded intentionally. @ https://www.youtube.com/shorts/Z3OfjdogF_U:0
[ -304148ms] [WARNING] The resource https://i.ytimg.com/generate_204 was preloaded using link preload but not used within a few seconds from the window's load event. Please make sure it has an appropriate `as` value and it is preloaded intentionally. @ https://www.youtube.com/shorts/Z3OfjdogF_U:0
[ -304148ms] [WARNING] The resource https://rr5---sn-bg0e6nes.c.youtube.com/generate_204 was preloaded using link preload but not used within a few seconds from the window's load event. Please make sure it has an appropriate `as` value and it is preloaded intentionally. @ https://www.youtube.com/shorts/Z3OfjdogF_U:0
[ -272324ms] [WARNING] The resource https://rr1---sn-qvnn5ouvncg-2v5e.googlevideo.com/generate_204 was preloaded using link preload but not used within a few seconds from the window's load event. Please make sure it has an appropriate `as` value and it is preloaded intentionally. @ https://www.youtube.com/shorts/Z3OfjdogF_U:0
[ -272323ms] [WARNING] The resource https://i.ytimg.com/generate_204 was preloaded using link preload but not used within a few seconds from the window's load event. Please make sure it has an appropriate `as` value and it is preloaded intentionally. @ https://www.youtube.com/shorts/Z3OfjdogF_U:0
[ -272323ms] [WARNING] The resource https://rr5---sn-bg0e6nes.c.youtube.com/generate_204 was preloaded using link preload but not used within a few seconds from the window's load event. Please make sure it has an appropriate `as` value and it is preloaded intentionally. @ https://www.youtube.com/shorts/Z3OfjdogF_U:0
[ -264148ms] [WARNING] The resource https://rr1---sn-qvnn5ouvncg-2v5e.googlevideo.com/generate_204 was preloaded using link preload but not used within a few seconds from the window's load event. Please make sure it has an appropriate `as` value and it is preloaded intentionally. @ https://www.youtube.com/shorts/Z3OfjdogF_U:0
[ -264148ms] [WARNING] The resource https://i.ytimg.com/generate_204 was preloaded using link preload but not used within a few seconds from the window's load event. Please make sure it has an appropriate `as` value and it is preloaded intentionally. @ https://www.youtube.com/shorts/Z3OfjdogF_U:0
[ -264148ms] [WARNING] The resource https://rr5---sn-bg0e6nes.c.youtube.com/generate_204 was preloaded using link preload but not used within a few seconds from the window's load event. Please make sure it has an appropriate `as` value and it is preloaded intentionally. @ https://www.youtube.com/shorts/Z3OfjdogF_U:0
[ -234148ms] [WARNING] The resource https://rr1---sn-qvnn5ouvncg-2v5e.googlevideo.com/generate_204 was preloaded using link preload but not used within a few seconds from the window's load event. Please make sure it has an appropriate `as` value and it is preloaded intentionally. @ https://www.youtube.com/shorts/Z3OfjdogF_U:0
[ -234148ms] [WARNING] The resource https://i.ytimg.com/generate_204 was preloaded using link preload but not used within a few seconds from the window's load event. Please make sure it has an appropriate `as` value and it is preloaded intentionally. @ https://www.youtube.com/shorts/Z3OfjdogF_U:0
[ -234148ms] [WARNING] The resource https://rr5---sn-bg0e6nes.c.youtube.com/generate_204 was preloaded using link preload but not used within a few seconds from the window's load event. Please make sure it has an appropriate `as` value and it is preloaded intentionally. @ https://www.youtube.com/shorts/Z3OfjdogF_U:0
[ -230322ms] [WARNING] The resource https://rr1---sn-qvnn5ouvncg-2v5e.googlevideo.com/generate_204 was preloaded using link preload but not used within a few seconds from the window's load event. Please make sure it has an appropriate `as` value and it is preloaded intentionally. @ https://www.youtube.com/shorts/Z3OfjdogF_U:0
[ -230322ms] [WARNING] The resource https://i.ytimg.com/generate_204 was preloaded using link preload but not used within a few seconds from the window's load event. Please make sure it has an appropriate `as` value and it is preloaded intentionally. @ https://www.youtube.com/shorts/Z3OfjdogF_U:0
[ -230322ms] [WARNING] The resource https://rr5---sn-bg0e6nes.c.youtube.com/generate_204 was preloaded using link preload but not used within a few seconds from the window's load event. Please make sure it has an appropriate `as` value and it is preloaded intentionally. @ https://www.youtube.com/shorts/Z3OfjdogF_U:0
[ -224148ms] [WARNING] The resource https://rr1---sn-qvnn5ouvncg-2v5e.googlevideo.com/generate_204 was preloaded using link preload but not used within a few seconds from the window's load event. Please make sure it has an appropriate `as` value and it is preloaded intentionally. @ https://www.youtube.com/shorts/Z3OfjdogF_U:0
[ -224148ms] [WARNING] The resource https://i.ytimg.com/generate_204 was preloaded using link preload but not used within a few seconds from the window's load event. Please make sure it has an appropriate `as` value and it is preloaded intentionally. @ https://www.youtube.com/shorts/Z3OfjdogF_U:0
[ -224148ms] [WARNING] The resource https://rr5---sn-bg0e6nes.c.youtube.com/generate_204 was preloaded using link preload but not used within a few seconds from the window's load event. Please make sure it has an appropriate `as` value and it is preloaded intentionally. @ https://www.youtube.com/shorts/Z3OfjdogF_U:0
[ -194147ms] [WARNING] The resource https://rr1---sn-qvnn5ouvncg-2v5e.googlevideo.com/generate_204 was preloaded using link preload but not used within a few seconds from the window's load event. Please make sure it has an appropriate `as` value and it is preloaded intentionally. @ https://www.youtube.com/shorts/Z3OfjdogF_U:0
[ -194147ms] [WARNING] The resource https://i.ytimg.com/generate_204 was preloaded using link preload but not used within a few seconds from the window's load event. Please make sure it has an appropriate `as` value and it is preloaded intentionally. @ https://www.youtube.com/shorts/Z3OfjdogF_U:0
[ -194147ms] [WARNING] The resource https://rr5---sn-bg0e6nes.c.youtube.com/generate_204 was preloaded using link preload but not used within a few seconds from the window's load event. Please make sure it has an appropriate `as` value and it is preloaded intentionally. @ https://www.youtube.com/shorts/Z3OfjdogF_U:0
[ -189316ms] [WARNING] The resource https://rr1---sn-qvnn5ouvncg-2v5e.googlevideo.com/generate_204 was preloaded using link preload but not used within a few seconds from the window's load event. Please make sure it has an appropriate `as` value and it is preloaded intentionally. @ https://www.youtube.com/shorts/Z3OfjdogF_U:0
[ -189316ms] [WARNING] The resource https://i.ytimg.com/generate_204 was preloaded using link preload but not used within a few seconds from the window's load event. Please make sure it has an appropriate `as` value and it is preloaded intentionally. @ https://www.youtube.com/shorts/Z3OfjdogF_U:0
[ -189316ms] [WARNING] The resource https://rr5---sn-bg0e6nes.c.youtube.com/generate_204 was preloaded using link preload but not used within a few seconds from the window's load event. Please make sure it has an appropriate `as` value and it is preloaded intentionally. @ https://www.youtube.com/shorts/Z3OfjdogF_U:0
[ -184148ms] [WARNING] The resource https://rr1---sn-qvnn5ouvncg-2v5e.googlevideo.com/generate_204 was preloaded using link preload but not used within a few seconds from the window's load event. Please make sure it has an appropriate `as` value and it is preloaded intentionally. @ https://www.youtube.com/shorts/Z3OfjdogF_U:0
[ -184148ms] [WARNING] The resource https://i.ytimg.com/generate_204 was preloaded using link preload but not used within a few seconds from the window's load event. Please make sure it has an appropriate `as` value and it is preloaded intentionally. @ https://www.youtube.com/shorts/Z3OfjdogF_U:0
[ -184148ms] [WARNING] The resource https://rr5---sn-bg0e6nes.c.youtube.com/generate_204 was preloaded using link preload but not used within a few seconds from the window's load event. Please make sure it has an appropriate `as` value and it is preloaded intentionally. @ https://www.youtube.com/shorts/Z3OfjdogF_U:0
[ -178897ms] [WARNING] The resource https://rr1---sn-qvnn5ouvncg-2v5e.googlevideo.com/generate_204 was preloaded using link preload but not used within a few seconds from the window's load event. Please make sure it has an appropriate `as` value and it is preloaded intentionally. @ https://www.youtube.com/shorts/Z3OfjdogF_U:0
[ -178897ms] [WARNING] The resource https://i.ytimg.com/generate_204 was preloaded using link preload but not used within a few seconds from the window's load event. Please make sure it has an appropriate `as` value and it is preloaded intentionally. @ https://www.youtube.com/shorts/Z3OfjdogF_U:0
[ -178897ms] [WARNING] The resource https://rr5---sn-bg0e6nes.c.youtube.com/generate_204 was preloaded using link preload but not used within a few seconds from the window's load event. Please make sure it has an appropriate `as` value and it is preloaded intentionally. @ https://www.youtube.com/shorts/Z3OfjdogF_U:0
[ -154147ms] [WARNING] The resource https://rr1---sn-qvnn5ouvncg-2v5e.googlevideo.com/generate_204 was preloaded using link preload but not used within a few seconds from the window's load event. Please make sure it has an appropriate `as` value and it is preloaded intentionally. @ https://www.youtube.com/shorts/Z3OfjdogF_U:0
[ -154146ms] [WARNING] The resource https://i.ytimg.com/generate_204 was preloaded using link preload but not used within a few seconds from the window's load event. Please make sure it has an appropriate `as` value and it is preloaded intentionally. @ https://www.youtube.com/shorts/Z3OfjdogF_U:0
[ -154146ms] [WARNING] The resource https://rr5---sn-bg0e6nes.c.youtube.com/generate_204 was preloaded using link preload but not used within a few seconds from the window's load event. Please make sure it has an appropriate `as` value and it is preloaded intentionally. @ https://www.youtube.com/shorts/Z3OfjdogF_U:0
[ -148306ms] [WARNING] The resource https://rr1---sn-qvnn5ouvncg-2v5e.googlevideo.com/generate_204 was preloaded using link preload but not used within a few seconds from the window's load event. Please make sure it has an appropriate `as` value and it is preloaded intentionally. @ https://www.youtube.com/shorts/Z3OfjdogF_U:0
[ -148306ms] [WARNING] The resource https://i.ytimg.com/generate_204 was preloaded using link preload but not used within a few seconds from the window's load event. Please make sure it has an appropriate `as` value and it is preloaded intentionally. @ https://www.youtube.com/shorts/Z3OfjdogF_U:0
[ -148306ms] [WARNING] The resource https://rr5---sn-bg0e6nes.c.youtube.com/generate_204 was preloaded using link preload but not used within a few seconds from the window's load event. Please make sure it has an appropriate `as` value and it is preloaded intentionally. @ https://www.youtube.com/shorts/Z3OfjdogF_U:0
[ -144147ms] [WARNING] The resource https://rr1---sn-qvnn5ouvncg-2v5e.googlevideo.com/generate_204 was preloaded using link preload but not used within a few seconds from the window's load event. Please make sure it has an appropriate `as` value and it is preloaded intentionally. @ https://www.youtube.com/shorts/Z3OfjdogF_U:0
[ -144147ms] [WARNING] The resource https://i.ytimg.com/generate_204 was preloaded using link preload but not used within a few seconds from the window's load event. Please make sure it has an appropriate `as` value and it is preloaded intentionally. @ https://www.youtube.com/shorts/Z3OfjdogF_U:0
[ -144147ms] [WARNING] The resource https://rr5---sn-bg0e6nes.c.youtube.com/generate_204 was preloaded using link preload but not used within a few seconds from the window's load event. Please make sure it has an appropriate `as` value and it is preloaded intentionally. @ https://www.youtube.com/shorts/Z3OfjdogF_U:0
[ -104147ms] [WARNING] The resource https://rr1---sn-qvnn5ouvncg-2v5e.googlevideo.com/generate_204 was preloaded using link preload but not used within a few seconds from the window's load event. Please make sure it has an appropriate `as` value and it is preloaded intentionally. @ https://www.youtube.com/shorts/Z3OfjdogF_U:0
[ -104147ms] [WARNING] The resource https://i.ytimg.com/generate_204 was preloaded using link preload but not used within a few seconds from the window's load event. Please make sure it has an appropriate `as` value and it is preloaded intentionally. @ https://www.youtube.com/shorts/Z3OfjdogF_U:0
[ -104147ms] [WARNING] The resource https://rr5---sn-bg0e6nes.c.youtube.com/generate_204 was preloaded using link preload but not used within a few seconds from the window's load event. Please make sure it has an appropriate `as` value and it is preloaded intentionally. @ https://www.youtube.com/shorts/Z3OfjdogF_U:0
[  -74145ms] [WARNING] The resource https://rr1---sn-qvnn5ouvncg-2v5e.googlevideo.com/generate_204 was preloaded using link preload but not used within a few seconds from the window's load event. Please make sure it has an appropriate `as` value and it is preloaded intentionally. @ https://www.youtube.com/shorts/Z3OfjdogF_U:0
[  -74145ms] [WARNING] The resource https://i.ytimg.com/generate_204 was preloaded using link preload but not used within a few seconds from the window's load event. Please make sure it has an appropriate `as` value and it is preloaded intentionally. @ https://www.youtube.com/shorts/Z3OfjdogF_U:0
[  -74145ms] [WARNING] The resource https://rr5---sn-bg0e6nes.c.youtube.com/generate_204 was preloaded using link preload but not used within a few seconds from the window's load event. Please make sure it has an appropriate `as` value and it is preloaded intentionally. @ https://www.youtube.com/shorts/Z3OfjdogF_U:0
[  -64146ms] [WARNING] The resource https://rr1---sn-qvnn5ouvncg-2v5e.googlevideo.com/generate_204 was preloaded using link preload but not used within a few seconds from the window's load event. Please make sure it has an appropriate `as` value and it is preloaded intentionally. @ https://www.youtube.com/shorts/Z3OfjdogF_U:0
[  -64146ms] [WARNING] The resource https://i.ytimg.com/generate_204 was preloaded using link preload but not used within a few seconds from the window's load event. Please make sure it has an appropriate `as` value and it is preloaded intentionally. @ https://www.youtube.com/shorts/Z3OfjdogF_U:0
[  -64146ms] [WARNING] The resource https://rr5---sn-bg0e6nes.c.youtube.com/generate_204 was preloaded using link preload but not used within a few seconds from the window's load event. Please make sure it has an appropriate `as` value and it is preloaded intentionally. @ https://www.youtube.com/shorts/Z3OfjdogF_U:0
[  -54145ms] [WARNING] The resource https://rr1---sn-qvnn5ouvncg-2v5e.googlevideo.com/generate_204 was preloaded using link preload but not used within a few seconds from the window's load event. Please make sure it has an appropriate `as` value and it is preloaded intentionally. @ https://www.youtube.com/shorts/Z3OfjdogF_U:0
[  -54145ms] [WARNING] The resource https://i.ytimg.com/generate_204 was preloaded using link preload but not used within a few seconds from the window's load event. Please make sure it has an appropriate `as` value and it is preloaded intentionally. @ https://www.youtube.com/shorts/Z3OfjdogF_U:0
[  -54145ms] [WARNING] The resource https://rr5---sn-bg0e6nes.c.youtube.com/generate_204 was preloaded using link preload but not used within a few seconds from the window's load event. Please make sure it has an appropriate `as` value and it is preloaded intentionally. @ https://www.youtube.com/shorts/Z3OfjdogF_U:0
[  -23321ms] [WARNING] The resource https://rr1---sn-qvnn5ouvncg-2v5e.googlevideo.com/generate_204 was preloaded using link preload but not used within a few seconds from the window's load event. Please make sure it has an appropriate `as` value and it is preloaded intentionally. @ https://www.youtube.com/shorts/Z3OfjdogF_U:0
[  -23321ms] [WARNING] The resource https://i.ytimg.com/generate_204 was preloaded using link preload but not used within a few seconds from the window's load event. Please make sure it has an appropriate `as` value and it is preloaded intentionally. @ https://www.youtube.com/shorts/Z3OfjdogF_U:0
[  -23321ms] [WARNING] The resource https://rr5---sn-bg0e6nes.c.youtube.com/generate_204 was preloaded using link preload but not used within a few seconds from the window's load event. Please make sure it has an appropriate `as` value and it is preloaded intentionally. @ https://www.youtube.com/shorts/Z3OfjdogF_U:0
[  -14146ms] [WARNING] The resource https://rr1---sn-qvnn5ouvncg-2v5e.googlevideo.com/generate_204 was preloaded using link preload but not used within a few seconds from the window's load event. Please make sure it has an appropriate `as` value and it is preloaded intentionally. @ https://www.youtube.com/shorts/Z3OfjdogF_U:0
[  -14146ms] [WARNING] The resource https://i.ytimg.com/generate_204 was preloaded using link preload but not used within a few seconds from the window's load event. Please make sure it has an appropriate `as` value and it is preloaded intentionally. @ https://www.youtube.com/shorts/Z3OfjdogF_U:0
[  -14146ms] [WARNING] The resource https://rr5---sn-bg0e6nes.c.youtube.com/generate_204 was preloaded using link preload but not used within a few seconds from the window's load event. Please make sure it has an appropriate `as` value and it is preloaded intentionally. @ https://www.youtube.com/shorts/Z3OfjdogF_U:0
[-155080024ms] [WARNING] MaxListenersExceededWarning: Possible EventEmitter memory leak detected. 11 close listeners added. Use emitter.setMaxListeners() to increase limit @ chrome-extension://nkbihfbeogaeaoehlefnkodbefgpgknn/scripts/contentscript.js:14082
[-155080020ms] [WARNING] MaxListenersExceededWarning: Possible EventEmitter memory leak detected. 11 end listeners added. Use emitter.setMaxListeners() to increase limit @ chrome-extension://nkbihfbeogaeaoehlefnkodbefgpgknn/scripts/contentscript.js:14082
[-155079925ms] [WARNING] ObjectMultiplex - orphaned data for stream "app-init-liveness" @ chrome-extension://nkbihfbeogaeaoehlefnkodbefgpgknn/scripts/contentscript.js:14082
[-155079923ms] [WARNING] ObjectMultiplex - orphaned data for stream "app-init-liveness" @ chrome-extension://nkbihfbeogaeaoehlefnkodbefgpgknn/scripts/contentscript.js:14082
[-155079922ms] [WARNING] ObjectMultiplex - orphaned data for stream "background-liveness" @ chrome-extension://nkbihfbeogaeaoehlefnkodbefgpgknn/scripts/contentscript.js:14082
[-155079921ms] [WARNING] ObjectMultiplex - orphaned data for stream "background-liveness" @ chrome-extension://nkbihfbeogaeaoehlefnkodbefgpgknn/scripts/contentscript.js:14082
[-155079919ms] [WARNING] ObjectMultiplex - malformed chunk without name "[object Object]" @ chrome-extension://nkbihfbeogaeaoehlefnkodbefgpgknn/scripts/contentscript.js:14082
[-155079918ms] [WARNING] ObjectMultiplex - malformed chunk without name "[object Object]" @ chrome-extension://nkbihfbeogaeaoehlefnkodbefgpgknn/scripts/contentscript.js:14082
[-155078274ms] [INFO] LegacyDataMixin will be applied to all legacy elements.
Set `_legacyUndefinedCheck: true` on element class to enable. @ https://www.youtube.com/s/_/ytmainappweb/_/js/k=ytmainappweb.kevlar_base.en_US.lMdjITFD_rE.es5.O/am=AAAAAAQABIDE/d=1/br=1/rs=AGKMywGg8yL2jFAOVMW1E1Smo74idznwgA/m=kevlar_base_module,kevlar_main_module,kevlar_base_sync_mod_chunk:9928
[-44399270ms] [ERROR] Permissions policy violation: unload is not allowed in this document. @ https://static.xx.fbcdn.net/rsrc.php/v4/yd/r/DAhTb66T1_U.js:322
[-44399291ms] [WARNING] MaxListenersExceededWarning: Possible EventEmitter memory leak detected. 11 close listeners added. Use emitter.setMaxListeners() to increase limit @ chrome-extension://nkbihfbeogaeaoehlefnkodbefgpgknn/scripts/contentscript.js:14082
[-44399290ms] [WARNING] MaxListenersExceededWarning: Possible EventEmitter memory leak detected. 11 end listeners added. Use emitter.setMaxListeners() to increase limit @ chrome-extension://nkbihfbeogaeaoehlefnkodbefgpgknn/scripts/contentscript.js:14082
[-44399265ms] [WARNING] ObjectMultiplex - orphaned data for stream "app-init-liveness" @ chrome-extension://nkbihfbeogaeaoehlefnkodbefgpgknn/scripts/contentscript.js:14082
[-44399263ms] [WARNING] ObjectMultiplex - orphaned data for stream "app-init-liveness" @ chrome-extension://nkbihfbeogaeaoehlefnkodbefgpgknn/scripts/contentscript.js:14082
[-44399262ms] [WARNING] ObjectMultiplex - orphaned data for stream "background-liveness" @ chrome-extension://nkbihfbeogaeaoehlefnkodbefgpgknn/scripts/contentscript.js:14082
[-44399261ms] [WARNING] ObjectMultiplex - orphaned data for stream "background-liveness" @ chrome-extension://nkbihfbeogaeaoehlefnkodbefgpgknn/scripts/contentscript.js:14082
[-44399260ms] [WARNING] ObjectMultiplex - malformed chunk without name "[object Object]" @ chrome-extension://nkbihfbeogaeaoehlefnkodbefgpgknn/scripts/contentscript.js:14082
[-44399259ms] [WARNING] ObjectMultiplex - malformed chunk without name "[object Object]" @ chrome-extension://nkbihfbeogaeaoehlefnkodbefgpgknn/scripts/contentscript.js:14082
[   17680ms] [WARNING] The resource https://rr1---sn-qvnn5ouvncg-2v5e.googlevideo.com/generate_204 was preloaded using link preload but not used within a few seconds from the window's load event. Please make sure it has an appropriate `as` value and it is preloaded intentionally. @ https://www.youtube.com/shorts/Z3OfjdogF_U:0
[   17681ms] [WARNING] The resource https://i.ytimg.com/generate_204 was preloaded using link preload but not used within a few seconds from the window's load event. Please make sure it has an appropriate `as` value and it is preloaded intentionally. @ https://www.youtube.com/shorts/Z3OfjdogF_U:0
[   17681ms] [WARNING] The resource https://rr5---sn-bg0e6nes.c.youtube.com/generate_204 was preloaded using link preload but not used within a few seconds from the window's load event. Please make sure it has an appropriate `as` value and it is preloaded intentionally. @ https://www.youtube.com/shorts/Z3OfjdogF_U:0
[   25855ms] [WARNING] The resource https://rr1---sn-qvnn5ouvncg-2v5e.googlevideo.com/generate_204 was preloaded using link preload but not used within a few seconds from the window's load event. Please make sure it has an appropriate `as` value and it is preloaded intentionally. @ https://www.youtube.com/shorts/Z3OfjdogF_U:0
[   25855ms] [WARNING] The resource https://i.ytimg.com/generate_204 was preloaded using link preload but not used within a few seconds from the window's load event. Please make sure it has an appropriate `as` value and it is preloaded intentionally. @ https://www.youtube.com/shorts/Z3OfjdogF_U:0
[   25855ms] [WARNING] The resource https://rr5---sn-bg0e6nes.c.youtube.com/generate_204 was preloaded using link preload but not used within a few seconds from the window's load event. Please make sure it has an appropriate `as` value and it is preloaded intentionally. @ https://www.youtube.com/shorts/Z3OfjdogF_U:0
[   58680ms] [WARNING] The resource https://rr1---sn-qvnn5ouvncg-2v5e.googlevideo.com/generate_204 was preloaded using link preload but not used within a few seconds from the window's load event. Please make sure it has an appropriate `as` value and it is preloaded intentionally. @ https://www.youtube.com/shorts/Z3OfjdogF_U:0
[   58680ms] [WARNING] The resource https://i.ytimg.com/generate_204 was preloaded using link preload but not used within a few seconds from the window's load event. Please make sure it has an appropriate `as` value and it is preloaded intentionally. @ https://www.youtube.com/shorts/Z3OfjdogF_U:0
[   58680ms] [WARNING] The resource https://rr5---sn-bg0e6nes.c.youtube.com/generate_204 was preloaded using link preload but not used within a few seconds from the window's load event. Please make sure it has an appropriate `as` value and it is preloaded intentionally. @ https://www.youtube.com/shorts/Z3OfjdogF_U:0
[   65855ms] [WARNING] The resource https://rr1---sn-qvnn5ouvncg-2v5e.googlevideo.com/generate_204 was preloaded using link preload but not used within a few seconds from the window's load event. Please make sure it has an appropriate `as` value and it is preloaded intentionally. @ https://www.youtube.com/shorts/Z3OfjdogF_U:0
[   65856ms] [WARNING] The resource https://i.ytimg.com/generate_204 was preloaded using link preload but not used within a few seconds from the window's load event. Please make sure it has an appropriate `as` value and it is preloaded intentionally. @ https://www.youtube.com/shorts/Z3OfjdogF_U:0
[   65856ms] [WARNING] The resource https://rr5---sn-bg0e6nes.c.youtube.com/generate_204 was preloaded using link preload but not used within a few seconds from the window's load event. Please make sure it has an appropriate `as` value and it is preloaded intentionally. @ https://www.youtube.com/shorts/Z3OfjdogF_U:0
[  100695ms] [WARNING] The resource https://rr1---sn-qvnn5ouvncg-2v5e.googlevideo.com/generate_204 was preloaded using link preload but not used within a few seconds from the window's load event. Please make sure it has an appropriate `as` value and it is preloaded intentionally. @ https://www.youtube.com/shorts/Z3OfjdogF_U:0
[  100695ms] [WARNING] The resource https://i.ytimg.com/generate_204 was preloaded using link preload but not used within a few seconds from the window's load event. Please make sure it has an appropriate `as` value and it is preloaded intentionally. @ https://www.youtube.com/shorts/Z3OfjdogF_U:0
[  100695ms] [WARNING] The resource https://rr5---sn-bg0e6nes.c.youtube.com/generate_204 was preloaded using link preload but not used within a few seconds from the window's load event. Please make sure it has an appropriate `as` value and it is preloaded intentionally. @ https://www.youtube.com/shorts/Z3OfjdogF_U:0
[  105856ms] [WARNING] The resource https://rr1---sn-qvnn5ouvncg-2v5e.googlevideo.com/generate_204 was preloaded using link preload but not used within a few seconds from the window's load event. Please make sure it has an appropriate `as` value and it is preloaded intentionally. @ https://www.youtube.com/shorts/Z3OfjdogF_U:0
[  105857ms] [WARNING] The resource https://i.ytimg.com/generate_204 was preloaded using link preload but not used within a few seconds from the window's load event. Please make sure it has an appropriate `as` value and it is preloaded intentionally. @ https://www.youtube.com/shorts/Z3OfjdogF_U:0
[  105857ms] [WARNING] The resource https://rr5---sn-bg0e6nes.c.youtube.com/generate_204 was preloaded using link preload but not used within a few seconds from the window's load event. Please make sure it has an appropriate `as` value and it is preloaded intentionally. @ https://www.youtube.com/shorts/Z3OfjdogF_U:0
[  127140ms] [WARNING] The resource https://rr1---sn-qvnn5ouvncg-2v5e.googlevideo.com/generate_204 was preloaded using link preload but not used within a few seconds from the window's load event. Please make sure it has an appropriate `as` value and it is preloaded intentionally. @ https://www.youtube.com/shorts/Z3OfjdogF_U:0
[  127140ms] [WARNING] The resource https://i.ytimg.com/generate_204 was preloaded using link preload but not used within a few seconds from the window's load event. Please make sure it has an appropriate `as` value and it is preloaded intentionally. @ https://www.youtube.com/shorts/Z3OfjdogF_U:0
[  127140ms] [WARNING] The resource https://rr5---sn-bg0e6nes.c.youtube.com/generate_204 was preloaded using link preload but not used within a few seconds from the window's load event. Please make sure it has an appropriate `as` value and it is preloaded intentionally. @ https://www.youtube.com/shorts/Z3OfjdogF_U:0
[  135856ms] [WARNING] The resource https://rr1---sn-qvnn5ouvncg-2v5e.googlevideo.com/generate_204 was preloaded using link preload but not used within a few seconds from the window's load event. Please make sure it has an appropriate `as` value and it is preloaded intentionally. @ https://www.youtube.com/shorts/Z3OfjdogF_U:0
[  135856ms] [WARNING] The resource https://i.ytimg.com/generate_204 was preloaded using link preload but not used within a few seconds from the window's load event. Please make sure it has an appropriate `as` value and it is preloaded intentionally. @ https://www.youtube.com/shorts/Z3OfjdogF_U:0
[  135856ms] [WARNING] The resource https://rr5---sn-bg0e6nes.c.youtube.com/generate_204 was preloaded using link preload but not used within a few seconds from the window's load event. Please make sure it has an appropriate `as` value and it is preloaded intentionally. @ https://www.youtube.com/shorts/Z3OfjdogF_U:0
[  141681ms] [WARNING] The resource https://rr1---sn-qvnn5ouvncg-2v5e.googlevideo.com/generate_204 was preloaded using link preload but not used within a few seconds from the window's load event. Please make sure it has an appropriate `as` value and it is preloaded intentionally. @ https://www.youtube.com/shorts/Z3OfjdogF_U:0
[  141681ms] [WARNING] The resource https://i.ytimg.com/generate_204 was preloaded using link preload but not used within a few seconds from the window's load event. Please make sure it has an appropriate `as` value and it is preloaded intentionally. @ https://www.youtube.com/shorts/Z3OfjdogF_U:0
[  141681ms] [WARNING] The resource https://rr5---sn-bg0e6nes.c.youtube.com/generate_204 was preloaded using link preload but not used within a few seconds from the window's load event. Please make sure it has an appropriate `as` value and it is preloaded intentionally. @ https://www.youtube.com/shorts/Z3OfjdogF_U:0
[  145857ms] [WARNING] The resource https://rr1---sn-qvnn5ouvncg-2v5e.googlevideo.com/generate_204 was preloaded using link preload but not used within a few seconds from the window's load event. Please make sure it has an appropriate `as` value and it is preloaded intentionally. @ https://www.youtube.com/shorts/Z3OfjdogF_U:0
[  145857ms] [WARNING] The resource https://i.ytimg.com/generate_204 was preloaded using link preload but not used within a few seconds from the window's load event. Please make sure it has an appropriate `as` value and it is preloaded intentionally. @ https://www.youtube.com/shorts/Z3OfjdogF_U:0
[  145857ms] [WARNING] The resource https://rr5---sn-bg0e6nes.c.youtube.com/generate_204 was preloaded using link preload but not used within a few seconds from the window's load event. Please make sure it has an appropriate `as` value and it is preloaded intentionally. @ https://www.youtube.com/shorts/Z3OfjdogF_U:0
[  175858ms] [WARNING] The resource https://rr1---sn-qvnn5ouvncg-2v5e.googlevideo.com/generate_204 was preloaded using link preload but not used within a few seconds from the window's load event. Please make sure it has an appropriate `as` value and it is preloaded intentionally. @ https://www.youtube.com/shorts/Z3OfjdogF_U:0
[  175858ms] [WARNING] The resource https://i.ytimg.com/generate_204 was preloaded using link preload but not used within a few seconds from the window's load event. Please make sure it has an appropriate `as` value and it is preloaded intentionally. @ https://www.youtube.com/shorts/Z3OfjdogF_U:0
[  175858ms] [WARNING] The resource https://rr5---sn-bg0e6nes.c.youtube.com/generate_204 was preloaded using link preload but not used within a few seconds from the window's load event. Please make sure it has an appropriate `as` value and it is preloaded intentionally. @ https://www.youtube.com/shorts/Z3OfjdogF_U:0
[  182707ms] [WARNING] The resource https://rr1---sn-qvnn5ouvncg-2v5e.googlevideo.com/generate_204 was preloaded using link preload but not used within a few seconds from the window's load event. Please make sure it has an appropriate `as` value and it is preloaded intentionally. @ https://www.youtube.com/shorts/Z3OfjdogF_U:0
[  182707ms] [WARNING] The resource https://i.ytimg.com/generate_204 was preloaded using link preload but not used within a few seconds from the window's load event. Please make sure it has an appropriate `as` value and it is preloaded intentionally. @ https://www.youtube.com/shorts/Z3OfjdogF_U:0
[  182707ms] [WARNING] The resource https://rr5---sn-bg0e6nes.c.youtube.com/generate_204 was preloaded using link preload but not used within a few seconds from the window's load event. Please make sure it has an appropriate `as` value and it is preloaded intentionally. @ https://www.youtube.com/shorts/Z3OfjdogF_U:0
[  185857ms] [WARNING] The resource https://rr1---sn-qvnn5ouvncg-2v5e.googlevideo.com/generate_204 was preloaded using link preload but not used within a few seconds from the window's load event. Please make sure it has an appropriate `as` value and it is preloaded intentionally. @ https://www.youtube.com/shorts/Z3OfjdogF_U:0
[  185857ms] [WARNING] The resource https://i.ytimg.com/generate_204 was preloaded using link preload but not used within a few seconds from the window's load event. Please make sure it has an appropriate `as` value and it is preloaded intentionally. @ https://www.youtube.com/shorts/Z3OfjdogF_U:0
[  185857ms] [WARNING] The resource https://rr5---sn-bg0e6nes.c.youtube.com/generate_204 was preloaded using link preload but not used within a few seconds from the window's load event. Please make sure it has an appropriate `as` value and it is preloaded intentionally. @ https://www.youtube.com/shorts/Z3OfjdogF_U:0
[  215857ms] [WARNING] The resource https://rr1---sn-qvnn5ouvncg-2v5e.googlevideo.com/generate_204 was preloaded using link preload but not used within a few seconds from the window's load event. Please make sure it has an appropriate `as` value and it is preloaded intentionally. @ https://www.youtube.com/shorts/Z3OfjdogF_U:0
[  215857ms] [WARNING] The resource https://i.ytimg.com/generate_204 was preloaded using link preload but not used within a few seconds from the window's load event. Please make sure it has an appropriate `as` value and it is preloaded intentionally. @ https://www.youtube.com/shorts/Z3OfjdogF_U:0
[  215857ms] [WARNING] The resource https://rr5---sn-bg0e6nes.c.youtube.com/generate_204 was preloaded using link preload but not used within a few seconds from the window's load event. Please make sure it has an appropriate `as` value and it is preloaded intentionally. @ https://www.youtube.com/shorts/Z3OfjdogF_U:0
[  225857ms] [WARNING] The resource https://rr1---sn-qvnn5ouvncg-2v5e.googlevideo.com/generate_204 was preloaded using link preload but not used within a few seconds from the window's load event. Please make sure it has an appropriate `as` value and it is preloaded intentionally. @ https://www.youtube.com/shorts/Z3OfjdogF_U:0
[  225857ms] [WARNING] The resource https://i.ytimg.com/generate_204 was preloaded using link preload but not used within a few seconds from the window's load event. Please make sure it has an appropriate `as` value and it is preloaded intentionally. @ https://www.youtube.com/shorts/Z3OfjdogF_U:0
[  225857ms] [WARNING] The resource https://rr5---sn-bg0e6nes.c.youtube.com/generate_204 was preloaded using link preload but not used within a few seconds from the window's load event. Please make sure it has an appropriate `as` value and it is preloaded intentionally. @ https://www.youtube.com/shorts/Z3OfjdogF_U:0
[  235857ms] [WARNING] The resource https://rr1---sn-qvnn5ouvncg-2v5e.googlevideo.com/generate_204 was preloaded using link preload but not used within a few seconds from the window's load event. Please make sure it has an appropriate `as` value and it is preloaded intentionally. @ https://www.youtube.com/shorts/Z3OfjdogF_U:0
[  235857ms] [WARNING] The resource https://i.ytimg.com/generate_204 was preloaded using link preload but not used within a few seconds from the window's load event. Please make sure it has an appropriate `as` value and it is preloaded intentionally. @ https://www.youtube.com/shorts/Z3OfjdogF_U:0
[  235857ms] [WARNING] The resource https://rr5---sn-bg0e6nes.c.youtube.com/generate_204 was preloaded using link preload but not used within a few seconds from the window's load event. Please make sure it has an appropriate `as` value and it is preloaded intentionally. @ https://www.youtube.com/shorts/Z3OfjdogF_U:0
